<?xml version="1.0" encoding="UTF-8"?>
<testsuite xmlns:xsi="http://www.w3.org/2001/XMLSchema-instance" xsi:noNamespaceSchemaLocation="https://maven.apache.org/surefire/maven-surefire-plugin/xsd/surefire-test-report-3.0.xsd" version="3.0" name="orderStatistic.KLargestOrderStatisticsImplTest" time="0.003" tests="11" errors="0" skipped="0" failures="0">
  <properties>
[...]
</properties>
  <testcase name="testGetKLargest1" classname="orderStatistic.KLargestOrderStatisticsImplTest" time="0.0"/>
  <testcase name="testGetKLargest2" classname="orderStatistic.KLargestOrderStatisticsImplTest" time="0.0"/>
  <testcase name="testGetKLargest3" classname="orderStatistic.KLargestOrderStatisticsImplTest" time="0.0"/>
  <testcase name="testGetKLargest4" classname="orderStatistic.KLargestOrderStatisticsImplTest" time="0.0"/>
  <testcase name="testGetKLargest5" classname="orderStatistic.KLargestOrderStatisticsImplTest" time="0.0"/>
  <testcase name="testGetKLargest6" classname="orderStatistic.KLargestOrderStatisticsImplTest" time="0.0"/>
  <testcase name="testGetKLargest7" classname="orderStatistic.KLargestOrderStatisticsImplTest" time="0.0"/>
  <testcase name="testGetKLargest8" classname="orderStatistic.KLargestOrderStatisticsImplTest" time="0.0"/>
  <testcase name="testGetKLargest9" classname="orderStatistic.KLargestOrderStatisticsImplTest" time="0.0"/>
  <testcase name="testOrderStatistics1" classname="orderStatistic.KLargestOrderStatisticsImplTest" time="0.0"/>
  <testcase name="testOrderStatistics2" classname="orderStatistic.KLargestOrderStatisticsImplTest" time="0.0"/>
</testsuite>