<?xml version="1.0" encoding="UTF-8"?>
<testsuite xmlns:xsi="http://www.w3.org/2001/XMLSchema-instance" xsi:noNamespaceSchemaLocation="https://maven.apache.org/surefire/maven-surefire-plugin/xsd/surefire-test-report-3.0.xsd" version="3.0" name="problems.FloorBinarySearchImplTest" time="0.091" tests="20" errors="0" skipped="0" failures="0">
  <properties>
[...]
</properties>
  <testcase name="floorTest1" classname="problems.FloorBinarySearchImplTest" time="0.003"/>
  <testcase name="floorTest2" classname="problems.FloorBinarySearchImplTest" time="0.0"/>
  <testcase name="floorTest3" classname="problems.FloorBinarySearchImplTest" time="0.0"/>
  <testcase name="floorTest4" classname="problems.FloorBinarySearchImplTest" time="0.0"/>
  <testcase name="floorTest5" classname="problems.FloorBinarySearchImplTest" time="0.0"/>
  <testcase name="floorTest6" classname="problems.FloorBinarySearchImplTest" time="0.001"/>
  <testcase name="floorTest7" classname="problems.FloorBinarySearchImplTest" time="0.001"/>
  <testcase name="floorTest9" classname="problems.FloorBinarySearchImplTest" time="0.002"/>
  <testcase name="floorTest10" classname="problems.FloorBinarySearchImplTest" time="0.0"/>
  <testcase name="floorTest11" classname="problems.FloorBinarySearchImplTest" time="0.001"/>
  <testcase name="floorTest12" classname="problems.FloorBinarySearchImplTest" time="0.0"/>
  <testcase name="floorTest13" classname="problems.FloorBinarySearchImplTest" time="0.001"/>
  <testcase name="floorTest14" classname="problems.FloorBinarySearchImplTest" time="0.0"/>
  <testcase name="floorTest15" classname="problems.FloorBinarySearchImplTest" time="0.0"/>
  <testcase name="floorTest16" classname="problems.FloorBinarySearchImplTest" time="0.001"/>
  <testcase name="floorTest17" classname="problems.FloorBinarySearchImplTest" time="0.002"/>
  <testcase name="floorTest18" classname="problems.FloorBinarySearchImplTest" time="0.0"/>
  <testcase name="floorTest19" classname="problems.FloorBinarySearchImplTest" time="0.0"/>
  <testcase name="floorTest20" classname="problems.FloorBinarySearchImplTest" time="0.0"/>
  <testcase name="floorTest21" classname="problems.FloorBinarySearchImplTest" time="0.001"/>
</testsuite>